# JRE version: OpenJDK Runtime Environment Temurin-17.0.12+7 (17.0.12+7) (build 17.0.12+7)
# Java VM: OpenJDK 64-Bit Server VM Temurin-17.0.12+7 (17.0.12+7, mixed mode, tiered, compressed oops, compressed class ptrs, parallel gc, windows-amd64)
GC Precious Log:
 CPUs: 8 total, 8 available
 Memory: 7488M
 Large Page Support: Disabled
 NUMA Support: Disabled
 Compressed Oops: Enabled (32-bit)
 Alignments: Space 512K, Generation 512K, Heap 2M
 Heap Min Capacity: 100M
 Heap Initial Capacity: 100M
 Heap Max Capacity: 1G
 Pre-touch: Disabled
 Parallel Workers: 8
Heap:
 PSYoungGen      total 5632K, used 665K [0x00000000eab00000, 0x00000000eb180000, 0x0000000100000000)
  eden space 4608K, 4% used [0x00000000eab00000,0x00000000eab2e6c8,0x00000000eaf80000)
  from space 1024K, 46% used [0x00000000eb080000,0x00000000eb0f8000,0x00000000eb180000)
  to   space 1024K, 0% used [0x00000000eaf80000,0x00000000eaf80000,0x00000000eb080000)
 ParOldGen       total 227328K, used 202464K [0x00000000c0000000, 0x00000000cde00000, 0x00000000eab00000)
  object space 227328K, 89% used [0x00000000c0000000,0x00000000cc5b8150,0x00000000cde00000)
 Metaspace       used 107243K, committed 108608K, reserved 1179648K
  class space    used 10600K, committed 11200K, reserved 1048576K
GC Heap History (20 events):
Event: 190457.547 GC heap before
{Heap before GC invocations=42103 (full 956):
 PSYoungGen      total 6144K, used 6144K [0x00000000eab00000, 0x00000000eb280000, 0x0000000100000000)
  eden space 5632K, 100% used [0x00000000eab00000,0x00000000eb080000,0x00000000eb080000)
  from space 512K, 100% used [0x00000000eb200000,0x00000000eb280000,0x00000000eb280000)
  to   space 512K, 0% used [0x00000000eb180000,0x00000000eb180000,0x00000000eb200000)
 ParOldGen       total 227328K, used 196035K [0x00000000c0000000, 0x00000000cde00000, 0x00000000eab00000)
  object space 227328K, 86% used [0x00000000c0000000,0x00000000cbf70cb8,0x00000000cde00000)
 Metaspace       used 107243K, committed 108608K, reserved 1179648K
  class space    used 10600K, committed 11200K, reserved 1048576K
}
Event: 190457.550 GC heap after
{Heap after GC invocations=42103 (full 956):
 PSYoungGen      total 6144K, used 512K [0x00000000eab00000, 0x00000000eb280000, 0x0000000100000000)
  eden space 5632K, 0% used [0x00000000eab00000,0x00000000eab00000,0x00000000eb080000)
  from space 512K, 100% used [0x00000000eb180000,0x00000000eb200000,0x00000000eb200000)
  to   space 512K, 0% used [0x00000000eb200000,0x00000000eb200000,0x00000000eb280000)
 ParOldGen       total 227328K, used 196611K [0x00000000c0000000, 0x00000000cde00000, 0x00000000eab00000)
  object space 227328K, 86% used [0x00000000c0000000,0x00000000cc000d28,0x00000000cde00000)
 Metaspace       used 107243K, committed 108608K, reserved 1179648K
  class space    used 10600K, committed 11200K, reserved 1048576K
}
Event: 190457.573 GC heap before
{Heap before GC invocations=42104 (full 956):
 PSYoungGen      total 6144K, used 6144K [0x00000000eab00000, 0x00000000eb280000, 0x0000000100000000)
  eden space 5632K, 100% used [0x00000000eab00000,0x00000000eb080000,0x00000000eb080000)
  from space 512K, 100% used [0x00000000eb180000,0x00000000eb200000,0x00000000eb200000)
  to   space 512K, 0% used [0x00000000eb200000,0x00000000eb200000,0x00000000eb280000)
 ParOldGen       total 227328K, used 196611K [0x00000000c0000000, 0x00000000cde00000, 0x00000000eab00000)
  object space 227328K, 86% used [0x00000000c0000000,0x00000000cc000d28,0x00000000cde00000)
 Metaspace       used 107243K, committed 108608K, reserved 1179648K
  class space    used 10600K, committed 11200K, reserved 1048576K
}
Event: 190457.576 GC heap after
{Heap after GC invocations=42104 (full 956):
 PSYoungGen      total 6144K, used 512K [0x00000000eab00000, 0x00000000eb380000, 0x0000000100000000)
  eden space 5632K, 0% used [0x00000000eab00000,0x00000000eab00000,0x00000000eb080000)
  from space 512K, 100% used [0x00000000eb200000,0x00000000eb280000,0x00000000eb280000)
  to   space 1536K, 0% used [0x00000000eb080000,0x00000000eb080000,0x00000000eb200000)
 ParOldGen       total 227328K, used 197192K [0x00000000c0000000, 0x00000000cde00000, 0x00000000eab00000)
  object space 227328K, 86% used [0x00000000c0000000,0x00000000cc092090,0x00000000cde00000)
 Metaspace       used 107243K, committed 108608K, reserved 1179648K
  class space    used 10600K, committed 11200K, reserved 1048576K
}
Event: 190457.590 GC heap before
{Heap before GC invocations=42105 (full 956):
 PSYoungGen      total 6144K, used 6143K [0x00000000eab00000, 0x00000000eb380000, 0x0000000100000000)
  eden space 5632K, 99% used [0x00000000eab00000,0x00000000eb07ffe8,0x00000000eb080000)
  from space 512K, 100% used [0x00000000eb200000,0x00000000eb280000,0x00000000eb280000)
  to   space 1536K, 0% used [0x00000000eb080000,0x00000000eb080000,0x00000000eb200000)
 ParOldGen       total 227328K, used 197192K [0x00000000c0000000, 0x00000000cde00000, 0x00000000eab00000)
  object space 227328K, 86% used [0x00000000c0000000,0x00000000cc092090,0x00000000cde00000)
 Metaspace       used 107243K, committed 108608K, reserved 1179648K
  class space    used 10600K, committed 11200K, reserved 1048576K
}
Event: 190457.592 GC heap after
{Heap after GC invocations=42105 (full 956):
 PSYoungGen      total 6656K, used 544K [0x00000000eab00000, 0x00000000eb280000, 0x0000000100000000)
  eden space 5632K, 0% used [0x00000000eab00000,0x00000000eab00000,0x00000000eb080000)
  from space 1024K, 53% used [0x00000000eb080000,0x00000000eb108000,0x00000000eb180000)
  to   space 1024K, 0% used [0x00000000eb180000,0x00000000eb180000,0x00000000eb280000)
 ParOldGen       total 227328K, used 197680K [0x00000000c0000000, 0x00000000cde00000, 0x00000000eab00000)
  object space 227328K, 86% used [0x00000000c0000000,0x00000000cc10c090,0x00000000cde00000)
 Metaspace       used 107243K, committed 108608K, reserved 1179648K
  class space    used 10600K, committed 11200K, reserved 1048576K
}
Event: 190457.616 GC heap before
{Heap before GC invocations=42106 (full 956):
 PSYoungGen      total 6656K, used 6176K [0x00000000eab00000, 0x00000000eb280000, 0x0000000100000000)
  eden space 5632K, 100% used [0x00000000eab00000,0x00000000eb080000,0x00000000eb080000)
  from space 1024K, 53% used [0x00000000eb080000,0x00000000eb108000,0x00000000eb180000)
  to   space 1024K, 0% used [0x00000000eb180000,0x00000000eb180000,0x00000000eb280000)
 ParOldGen       total 227328K, used 197680K [0x00000000c0000000, 0x00000000cde00000, 0x00000000eab00000)
  object space 227328K, 86% used [0x00000000c0000000,0x00000000cc10c090,0x00000000cde00000)
 Metaspace       used 107243K, committed 108608K, reserved 1179648K
  class space    used 10600K, committed 11200K, reserved 1048576K
}
Event: 190457.618 GC heap after
{Heap after GC invocations=42106 (full 956):
 PSYoungGen      total 5632K, used 1024K [0x00000000eab00000, 0x00000000eb480000, 0x0000000100000000)
  eden space 4608K, 0% used [0x00000000eab00000,0x00000000eab00000,0x00000000eaf80000)
  from space 1024K, 100% used [0x00000000eb180000,0x00000000eb280000,0x00000000eb280000)
  to   space 2048K, 0% used [0x00000000eaf80000,0x00000000eaf80000,0x00000000eb180000)
 ParOldGen       total 227328K, used 198385K [0x00000000c0000000, 0x00000000cde00000, 0x00000000eab00000)
  object space 227328K, 87% used [0x00000000c0000000,0x00000000cc1bc518,0x00000000cde00000)
 Metaspace       used 107243K, committed 108608K, reserved 1179648K
  class space    used 10600K, committed 11200K, reserved 1048576K
}
Event: 190457.646 GC heap before
{Heap before GC invocations=42107 (full 956):
 PSYoungGen      total 5632K, used 5632K [0x00000000eab00000, 0x00000000eb480000, 0x0000000100000000)
  eden space 4608K, 100% used [0x00000000eab00000,0x00000000eaf80000,0x00000000eaf80000)
  from space 1024K, 100% used [0x00000000eb180000,0x00000000eb280000,0x00000000eb280000)
  to   space 2048K, 0% used [0x00000000eaf80000,0x00000000eaf80000,0x00000000eb180000)
 ParOldGen       total 227328K, used 198385K [0x00000000c0000000, 0x00000000cde00000, 0x00000000eab00000)
  object space 227328K, 87% used [0x00000000c0000000,0x00000000cc1bc518,0x00000000cde00000)
 Metaspace       used 107243K, committed 108608K, reserved 1179648K
  class space    used 10600K, committed 11200K, reserved 1048576K
}
Event: 190457.648 GC heap after
{Heap after GC invocations=42107 (full 956):
 PSYoungGen      total 5632K, used 768K [0x00000000eab00000, 0x00000000eb280000, 0x0000000100000000)
  eden space 4608K, 0% used [0x00000000eab00000,0x00000000eab00000,0x00000000eaf80000)
  from space 1024K, 75% used [0x00000000eaf80000,0x00000000eb040000,0x00000000eb080000)
  to   space 1536K, 0% used [0x00000000eb100000,0x00000000eb100000,0x00000000eb280000)
 ParOldGen       total 227328K, used 199449K [0x00000000c0000000, 0x00000000cde00000, 0x00000000eab00000)
  object space 227328K, 87% used [0x00000000c0000000,0x00000000cc2c6518,0x00000000cde00000)
 Metaspace       used 107243K, committed 108608K, reserved 1179648K
  class space    used 10600K, committed 11200K, reserved 1048576K
}
Event: 190457.665 GC heap before
{Heap before GC invocations=42108 (full 956):
 PSYoungGen      total 5632K, used 5376K [0x00000000eab00000, 0x00000000eb280000, 0x0000000100000000)
  eden space 4608K, 100% used [0x00000000eab00000,0x00000000eaf80000,0x00000000eaf80000)
  from space 1024K, 75% used [0x00000000eaf80000,0x00000000eb040000,0x00000000eb080000)
  to   space 1536K, 0% used [0x00000000eb100000,0x00000000eb100000,0x00000000eb280000)
 ParOldGen       total 227328K, used 199449K [0x00000000c0000000, 0x00000000cde00000, 0x00000000eab00000)
  object space 227328K, 87% used [0x00000000c0000000,0x00000000cc2c6518,0x00000000cde00000)
 Metaspace       used 107243K, committed 108608K, reserved 1179648K
  class space    used 10600K, committed 11200K, reserved 1048576K
}
Event: 190457.669 GC heap after
{Heap after GC invocations=42108 (full 956):
 PSYoungGen      total 5632K, used 937K [0x00000000eab00000, 0x00000000eb200000, 0x0000000100000000)
  eden space 4608K, 0% used [0x00000000eab00000,0x00000000eab00000,0x00000000eaf80000)
  from space 1024K, 91% used [0x00000000eb100000,0x00000000eb1ea400,0x00000000eb200000)
  to   space 1024K, 0% used [0x00000000eaf80000,0x00000000eaf80000,0x00000000eb080000)
 ParOldGen       total 227328K, used 200109K [0x00000000c0000000, 0x00000000cde00000, 0x00000000eab00000)
  object space 227328K, 88% used [0x00000000c0000000,0x00000000cc36b728,0x00000000cde00000)
 Metaspace       used 107243K, committed 108608K, reserved 1179648K
  class space    used 10600K, committed 11200K, reserved 1048576K
}
Event: 190457.681 GC heap before
{Heap before GC invocations=42109 (full 956):
 PSYoungGen      total 5632K, used 5545K [0x00000000eab00000, 0x00000000eb200000, 0x0000000100000000)
  eden space 4608K, 100% used [0x00000000eab00000,0x00000000eaf80000,0x00000000eaf80000)
  from space 1024K, 91% used [0x00000000eb100000,0x00000000eb1ea400,0x00000000eb200000)
  to   space 1024K, 0% used [0x00000000eaf80000,0x00000000eaf80000,0x00000000eb080000)
 ParOldGen       total 227328K, used 200109K [0x00000000c0000000, 0x00000000cde00000, 0x00000000eab00000)
  object space 227328K, 88% used [0x00000000c0000000,0x00000000cc36b728,0x00000000cde00000)
 Metaspace       used 107243K, committed 108608K, reserved 1179648K
  class space    used 10600K, committed 11200K, reserved 1048576K
}
Event: 190457.684 GC heap after
{Heap after GC invocations=42109 (full 956):
 PSYoungGen      total 5632K, used 608K [0x00000000eab00000, 0x00000000eb180000, 0x0000000100000000)
  eden space 4608K, 0% used [0x00000000eab00000,0x00000000eab00000,0x00000000eaf80000)
  from space 1024K, 59% used [0x00000000eaf80000,0x00000000eb018000,0x00000000eb080000)
  to   space 1024K, 0% used [0x00000000eb080000,0x00000000eb080000,0x00000000eb180000)
 ParOldGen       total 227328K, used 200908K [0x00000000c0000000, 0x00000000cde00000, 0x00000000eab00000)
  object space 227328K, 88% used [0x00000000c0000000,0x00000000cc433318,0x00000000cde00000)
 Metaspace       used 107243K, committed 108608K, reserved 1179648K
  class space    used 10600K, committed 11200K, reserved 1048576K
}
Event: 190457.698 GC heap before
{Heap before GC invocations=42110 (full 956):
 PSYoungGen      total 5632K, used 5216K [0x00000000eab00000, 0x00000000eb180000, 0x0000000100000000)
  eden space 4608K, 100% used [0x00000000eab00000,0x00000000eaf80000,0x00000000eaf80000)
  from space 1024K, 59% used [0x00000000eaf80000,0x00000000eb018000,0x00000000eb080000)
  to   space 1024K, 0% used [0x00000000eb080000,0x00000000eb080000,0x00000000eb180000)
 ParOldGen       total 227328K, used 200908K [0x00000000c0000000, 0x00000000cde00000, 0x00000000eab00000)
  object space 227328K, 88% used [0x00000000c0000000,0x00000000cc433318,0x00000000cde00000)
 Metaspace       used 107243K, committed 108608K, reserved 1179648K
  class space    used 10600K, committed 11200K, reserved 1048576K
}
Event: 190457.701 GC heap after
{Heap after GC invocations=42110 (full 956):
 PSYoungGen      total 5632K, used 617K [0x00000000eab00000, 0x00000000eb180000, 0x0000000100000000)
  eden space 4608K, 0% used [0x00000000eab00000,0x00000000eab00000,0x00000000eaf80000)
  from space 1024K, 60% used [0x00000000eb080000,0x00000000eb11a400,0x00000000eb180000)
  to   space 1024K, 0% used [0x00000000eaf80000,0x00000000eaf80000,0x00000000eb080000)
 ParOldGen       total 227328K, used 201396K [0x00000000c0000000, 0x00000000cde00000, 0x00000000eab00000)
  object space 227328K, 88% used [0x00000000c0000000,0x00000000cc4ad338,0x00000000cde00000)
 Metaspace       used 107243K, committed 108608K, reserved 1179648K
  class space    used 10600K, committed 11200K, reserved 1048576K
}
Event: 190457.713 GC heap before
{Heap before GC invocations=42111 (full 956):
 PSYoungGen      total 5632K, used 5225K [0x00000000eab00000, 0x00000000eb180000, 0x0000000100000000)
  eden space 4608K, 100% used [0x00000000eab00000,0x00000000eaf80000,0x00000000eaf80000)
  from space 1024K, 60% used [0x00000000eb080000,0x00000000eb11a400,0x00000000eb180000)
  to   space 1024K, 0% used [0x00000000eaf80000,0x00000000eaf80000,0x00000000eb080000)
 ParOldGen       total 227328K, used 201396K [0x00000000c0000000, 0x00000000cde00000, 0x00000000eab00000)
  object space 227328K, 88% used [0x00000000c0000000,0x00000000cc4ad338,0x00000000cde00000)
 Metaspace       used 107243K, committed 108608K, reserved 1179648K
  class space    used 10600K, committed 11200K, reserved 1048576K
}
Event: 190457.715 GC heap after
{Heap after GC invocations=42111 (full 956):
 PSYoungGen      total 5632K, used 656K [0x00000000eab00000, 0x00000000eb180000, 0x0000000100000000)
  eden space 4608K, 0% used [0x00000000eab00000,0x00000000eab00000,0x00000000eaf80000)
  from space 1024K, 64% used [0x00000000eaf80000,0x00000000eb024010,0x00000000eb080000)
  to   space 1024K, 0% used [0x00000000eb080000,0x00000000eb080000,0x00000000eb180000)
 ParOldGen       total 227328K, used 201896K [0x00000000c0000000, 0x00000000cde00000, 0x00000000eab00000)
  object space 227328K, 88% used [0x00000000c0000000,0x00000000cc52a130,0x00000000cde00000)
 Metaspace       used 107243K, committed 108608K, reserved 1179648K
  class space    used 10600K, committed 11200K, reserved 1048576K
}
Event: 190457.817 GC heap before
{Heap before GC invocations=42112 (full 956):
 PSYoungGen      total 5632K, used 5262K [0x00000000eab00000, 0x00000000eb180000, 0x0000000100000000)
  eden space 4608K, 99% used [0x00000000eab00000,0x00000000eaf7fa48,0x00000000eaf80000)
  from space 1024K, 64% used [0x00000000eaf80000,0x00000000eb024010,0x00000000eb080000)
  to   space 1024K, 0% used [0x00000000eb080000,0x00000000eb080000,0x00000000eb180000)
 ParOldGen       total 227328K, used 201896K [0x00000000c0000000, 0x00000000cde00000, 0x00000000eab00000)
  object space 227328K, 88% used [0x00000000c0000000,0x00000000cc52a130,0x00000000cde00000)
 Metaspace       used 107243K, committed 108608K, reserved 1179648K
  class space    used 10600K, committed 11200K, reserved 1048576K
}
Event: 190457.819 GC heap after
{Heap after GC invocations=42112 (full 956):
 PSYoungGen      total 5632K, used 480K [0x00000000eab00000, 0x00000000eb180000, 0x0000000100000000)
  eden space 4608K, 0% used [0x00000000eab00000,0x00000000eab00000,0x00000000eaf80000)
  from space 1024K, 46% used [0x00000000eb080000,0x00000000eb0f8000,0x00000000eb180000)
  to   space 1024K, 0% used [0x00000000eaf80000,0x00000000eaf80000,0x00000000eb080000)
 ParOldGen       total 227328K, used 202464K [0x00000000c0000000, 0x00000000cde00000, 0x00000000eab00000)
  object space 227328K, 89% used [0x00000000c0000000,0x00000000cc5b8150,0x00000000cde00000)
 Metaspace       used 107243K, committed 108608K, reserved 1179648K
  class space    used 10600K, committed 11200K, reserved 1048576K
}

