# JRE version: Java(TM) SE Runtime Environment (21.0.3+7) (build 21.0.3+7-LTS-152)
# Java VM: Java HotSpot(TM) 64-Bit Server VM (21.0.3+7-LTS-152, mixed mode, sharing, tiered, compressed oops, compressed class ptrs, g1 gc, windows-amd64)
GC Precious Log:
 CardTable entry size: 512
 Card Set container configuration: InlinePtr #cards 5 size 8 Array Of Cards #cards 12 size 40 Howl #buckets 4 coarsen threshold 1843 Howl Bitmap #cards 512 size 80 coarsen threshold 460 Card regions per heap region 1 cards per card region 2048
 CPUs: 8 total, 8 available
 Memory: 7488M
 Large Page Support: Disabled
 NUMA Support: Disabled
 Compressed Oops: Enabled (32-bit)
 Heap Region Size: 1M
 Heap Min Capacity: 8M
 Heap Initial Capacity: 118M
 Heap Max Capacity: 1874M
 Pre-touch: Disabled
 Parallel Workers: 8
 Concurrent Workers: 2
 Concurrent Refinement Workers: 8
 Periodic GC: Disabled
Heap:
 garbage-first heap   total 75776K, used 58187K [0x000000008ae00000, 0x0000000100000000)
  region size 1024K, 26 young (26624K), 4 survivors (4096K)
 Metaspace       used 64734K, committed 65344K, reserved 1114112K
  class space    used 9000K, committed 9280K, reserved 1048576K
GC Heap History (20 events):
Event: 7.004 GC heap before
{Heap before GC invocations=2 (full 0):
 garbage-first heap   total 120832K, used 57555K [0x000000008ae00000, 0x0000000100000000)
  region size 1024K, 46 young (47104K), 2 survivors (2048K)
 Metaspace       used 19550K, committed 19904K, reserved 1114112K
  class space    used 2499K, committed 2688K, reserved 1048576K
}
Event: 7.011 GC heap after
{Heap after GC invocations=3 (full 0):
 garbage-first heap   total 120832K, used 16569K [0x000000008ae00000, 0x0000000100000000)
  region size 1024K, 5 young (5120K), 5 survivors (5120K)
 Metaspace       used 19550K, committed 19904K, reserved 1114112K
  class space    used 2499K, committed 2688K, reserved 1048576K
}
Event: 7.789 GC heap before
{Heap before GC invocations=3 (full 0):
 garbage-first heap   total 120832K, used 26809K [0x000000008ae00000, 0x0000000100000000)
  region size 1024K, 16 young (16384K), 5 survivors (5120K)
 Metaspace       used 21199K, committed 21504K, reserved 1114112K
  class space    used 2701K, committed 2880K, reserved 1048576K
}
Event: 7.797 GC heap after
{Heap after GC invocations=4 (full 0):
 garbage-first heap   total 120832K, used 18365K [0x000000008ae00000, 0x0000000100000000)
  region size 1024K, 5 young (5120K), 5 survivors (5120K)
 Metaspace       used 21199K, committed 21504K, reserved 1114112K
  class space    used 2701K, committed 2880K, reserved 1048576K
}
Event: 10.739 GC heap before
{Heap before GC invocations=5 (full 0):
 garbage-first heap   total 65536K, used 65469K [0x000000008ae00000, 0x0000000100000000)
  region size 1024K, 51 young (52224K), 5 survivors (5120K)
 Metaspace       used 26006K, committed 26432K, reserved 1114112K
  class space    used 3352K, committed 3520K, reserved 1048576K
}
Event: 10.750 GC heap after
{Heap after GC invocations=6 (full 0):
 garbage-first heap   total 75776K, used 21979K [0x000000008ae00000, 0x0000000100000000)
  region size 1024K, 6 young (6144K), 6 survivors (6144K)
 Metaspace       used 26006K, committed 26432K, reserved 1114112K
  class space    used 3352K, committed 3520K, reserved 1048576K
}
Event: 12.850 GC heap before
{Heap before GC invocations=6 (full 0):
 garbage-first heap   total 75776K, used 57819K [0x000000008ae00000, 0x0000000100000000)
  region size 1024K, 41 young (41984K), 6 survivors (6144K)
 Metaspace       used 32093K, committed 32640K, reserved 1114112K
  class space    used 4229K, committed 4480K, reserved 1048576K
}
Event: 12.860 GC heap after
{Heap after GC invocations=7 (full 0):
 garbage-first heap   total 75776K, used 24810K [0x000000008ae00000, 0x0000000100000000)
  region size 1024K, 3 young (3072K), 3 survivors (3072K)
 Metaspace       used 32093K, committed 32640K, reserved 1114112K
  class space    used 4229K, committed 4480K, reserved 1048576K
}
Event: 14.019 GC heap before
{Heap before GC invocations=7 (full 0):
 garbage-first heap   total 75776K, used 39146K [0x000000008ae00000, 0x0000000100000000)
  region size 1024K, 18 young (18432K), 3 survivors (3072K)
 Metaspace       used 35563K, committed 36096K, reserved 1114112K
  class space    used 4812K, committed 5056K, reserved 1048576K
}
Event: 14.025 GC heap after
{Heap after GC invocations=8 (full 0):
 garbage-first heap   total 75776K, used 25771K [0x000000008ae00000, 0x0000000100000000)
  region size 1024K, 1 young (1024K), 1 survivors (1024K)
 Metaspace       used 35563K, committed 36096K, reserved 1114112K
  class space    used 4812K, committed 5056K, reserved 1048576K
}
Event: 16.147 GC heap before
{Heap before GC invocations=9 (full 0):
 garbage-first heap   total 75776K, used 62635K [0x000000008ae00000, 0x0000000100000000)
  region size 1024K, 37 young (37888K), 1 survivors (1024K)
 Metaspace       used 44427K, committed 44992K, reserved 1114112K
  class space    used 5971K, committed 6208K, reserved 1048576K
}
Event: 16.154 GC heap after
{Heap after GC invocations=10 (full 0):
 garbage-first heap   total 75776K, used 29052K [0x000000008ae00000, 0x0000000100000000)
  region size 1024K, 4 young (4096K), 4 survivors (4096K)
 Metaspace       used 44427K, committed 44992K, reserved 1114112K
  class space    used 5971K, committed 6208K, reserved 1048576K
}
Event: 17.960 GC heap before
{Heap before GC invocations=10 (full 0):
 garbage-first heap   total 75776K, used 62844K [0x000000008ae00000, 0x0000000100000000)
  region size 1024K, 38 young (38912K), 4 survivors (4096K)
 Metaspace       used 53617K, committed 54144K, reserved 1114112K
  class space    used 7407K, committed 7616K, reserved 1048576K
}
Event: 17.968 GC heap after
{Heap after GC invocations=11 (full 0):
 garbage-first heap   total 75776K, used 30672K [0x000000008ae00000, 0x0000000100000000)
  region size 1024K, 2 young (2048K), 2 survivors (2048K)
 Metaspace       used 53617K, committed 54144K, reserved 1114112K
  class space    used 7407K, committed 7616K, reserved 1048576K
}
Event: 19.285 GC heap before
{Heap before GC invocations=11 (full 0):
 garbage-first heap   total 75776K, used 65488K [0x000000008ae00000, 0x0000000100000000)
  region size 1024K, 36 young (36864K), 2 survivors (2048K)
 Metaspace       used 58653K, committed 59328K, reserved 1114112K
  class space    used 8055K, committed 8384K, reserved 1048576K
}
Event: 19.294 GC heap after
{Heap after GC invocations=12 (full 0):
 garbage-first heap   total 75776K, used 33138K [0x000000008ae00000, 0x0000000100000000)
  region size 1024K, 5 young (5120K), 5 survivors (5120K)
 Metaspace       used 58653K, committed 59328K, reserved 1114112K
  class space    used 8055K, committed 8384K, reserved 1048576K
}
Event: 19.850 GC heap before
{Heap before GC invocations=12 (full 0):
 garbage-first heap   total 75776K, used 43378K [0x000000008ae00000, 0x0000000100000000)
  region size 1024K, 16 young (16384K), 5 survivors (5120K)
 Metaspace       used 59822K, committed 60416K, reserved 1114112K
  class space    used 8217K, committed 8512K, reserved 1048576K
}
Event: 19.857 GC heap after
{Heap after GC invocations=13 (full 0):
 garbage-first heap   total 75776K, used 33925K [0x000000008ae00000, 0x0000000100000000)
  region size 1024K, 1 young (1024K), 1 survivors (1024K)
 Metaspace       used 59822K, committed 60416K, reserved 1114112K
  class space    used 8217K, committed 8512K, reserved 1048576K
}
Event: 21.049 GC heap before
{Heap before GC invocations=14 (full 0):
 garbage-first heap   total 75776K, used 66693K [0x000000008ae00000, 0x0000000100000000)
  region size 1024K, 33 young (33792K), 1 survivors (1024K)
 Metaspace       used 62491K, committed 63168K, reserved 1114112K
  class space    used 8676K, committed 8960K, reserved 1048576K
}
Event: 21.056 GC heap after
{Heap after GC invocations=15 (full 0):
 garbage-first heap   total 75776K, used 36683K [0x000000008ae00000, 0x0000000100000000)
  region size 1024K, 4 young (4096K), 4 survivors (4096K)
 Metaspace       used 62491K, committed 63168K, reserved 1114112K
  class space    used 8676K, committed 8960K, reserved 1048576K
}

